02/10/2015 10:47:01 | INFO: 
02/10/2015 10:47:01 | INFO: 
02/10/2015 10:47:01 | INFO: 
02/10/2015 10:47:01 | INFO: 
02/10/2015 10:47:01 | INFO:         /=============================================================================\ 
02/10/2015 10:47:01 | INFO:        |                                                                               |
02/10/2015 10:47:01 | INFO:        |   ██████╗ ███████╗██████╗          ██████╗ ██████╗ ██████╗ ███████╗██████╗    |
02/10/2015 10:47:01 | INFO:        |   ██╔══██╗██╔════╝██╔══██╗        ██╔════╝██╔═████╗██╔══██╗██╔════╝██╔══██╗   |
02/10/2015 10:47:01 | INFO:        |   ██████╔╝█████╗  ██║  ██║        ██║     ██║██╔██║██║  ██║█████╗  ██████╔╝   |
02/10/2015 10:47:01 | INFO:        |   ██╔══██╗██╔══╝  ██║  ██║        ██║     ████╔╝██║██║  ██║██╔══╝  ██╔══██╗   |
02/10/2015 10:47:01 | INFO:        |   ██║  ██║███████╗██████╔╝███████╗╚██████╗╚██████╔╝██████╔╝███████╗██║  ██║   |
02/10/2015 10:47:01 | INFO:        |                                                                               |
02/10/2015 10:47:01 | INFO:        |       _                    _ _                                                |
02/10/2015 10:47:01 | INFO:        |      / \    _____   _ _ __(_) |_ ___                                          |
02/10/2015 10:47:01 | INFO:        |     / _ \  |_  / | | | '__| | __/ _ \                                         |
02/10/2015 10:47:01 | INFO:        |    / ___ \  / /| |_| | |  | | ||  __/                                         |
02/10/2015 10:47:01 | INFO:        |   /_/   \_\/___|\__,_|_|  |_|\__\___|                                         |
02/10/2015 10:47:01 | INFO:        |                                                                               |
02/10/2015 10:47:01 | INFO:        |   Version: 0.0.1                                                              |
02/10/2015 10:47:01 | INFO:        |                                                                               |
02/10/2015 10:47:01 | INFO:        |   Current Time: 22:47:01 | 02/10/2015                                         |
02/10/2015 10:47:01 | INFO:        |                                                                               |
02/10/2015 10:47:01 | INFO:        |   Current User: super                                                         |
02/10/2015 10:47:01 | INFO:        |                                                                               |
02/10/2015 10:47:01 | INFO:         \=============================================================================/ 
02/10/2015 10:47:01 | INFO: 
02/10/2015 10:47:01 | INFO: 
02/10/2015 10:47:01 | INFO: 
02/10/2015 10:47:01 | INFO: 
02/10/2015 10:47:01 | ERROR: File: main.py | Class: Startup | Function: startup | Something went wrong while 
02/10/2015 10:47:01 | ERROR: File: main.py | Class: Startup | Function: startup | Fatal Fail: Could not continue boot into BootMode!
Traceback (most recent call last):
  File "/Users/Maximilian_H/Documents/Azurite/system/main.py", line 185, in startup
    uinput = raw_input("N / S / D  => ")
KeyboardInterrupt
02/10/2015 10:47:04 | INFO: 
02/10/2015 10:47:04 | INFO: 
02/10/2015 10:47:04 | INFO: 
02/10/2015 10:47:04 | INFO: 
02/10/2015 10:47:04 | INFO:         /=============================================================================\ 
02/10/2015 10:47:04 | INFO:        |                                                                               |
02/10/2015 10:47:04 | INFO:        |   ██████╗ ███████╗██████╗          ██████╗ ██████╗ ██████╗ ███████╗██████╗    |
02/10/2015 10:47:04 | INFO:        |   ██╔══██╗██╔════╝██╔══██╗        ██╔════╝██╔═████╗██╔══██╗██╔════╝██╔══██╗   |
02/10/2015 10:47:04 | INFO:        |   ██████╔╝█████╗  ██║  ██║        ██║     ██║██╔██║██║  ██║█████╗  ██████╔╝   |
02/10/2015 10:47:04 | INFO:        |   ██╔══██╗██╔══╝  ██║  ██║        ██║     ████╔╝██║██║  ██║██╔══╝  ██╔══██╗   |
02/10/2015 10:47:04 | INFO:        |   ██║  ██║███████╗██████╔╝███████╗╚██████╗╚██████╔╝██████╔╝███████╗██║  ██║   |
02/10/2015 10:47:04 | INFO:        |                                                                               |
02/10/2015 10:47:04 | INFO:        |       _                    _ _                                                |
02/10/2015 10:47:04 | INFO:        |      / \    _____   _ _ __(_) |_ ___                                          |
02/10/2015 10:47:04 | INFO:        |     / _ \  |_  / | | | '__| | __/ _ \                                         |
02/10/2015 10:47:04 | INFO:        |    / ___ \  / /| |_| | |  | | ||  __/                                         |
02/10/2015 10:47:04 | INFO:        |   /_/   \_\/___|\__,_|_|  |_|\__\___|                                         |
02/10/2015 10:47:04 | INFO:        |                                                                               |
02/10/2015 10:47:04 | INFO:        |   Version: 0.0.1                                                              |
02/10/2015 10:47:04 | INFO:        |                                                                               |
02/10/2015 10:47:04 | INFO:        |   Current Time: 22:47:04 | 02/10/2015                                         |
02/10/2015 10:47:04 | INFO:        |                                                                               |
02/10/2015 10:47:04 | INFO:        |   Current User: super                                                         |
02/10/2015 10:47:04 | INFO:        |                                                                               |
02/10/2015 10:47:04 | INFO:         \=============================================================================/ 
02/10/2015 10:47:04 | INFO: 
02/10/2015 10:47:04 | INFO: 
02/10/2015 10:47:04 | INFO: 
02/10/2015 10:47:04 | INFO: 
02/10/2015 10:47:06 | INFO: File: main.py | Class: Startup | Function: startup | User entered BootMode: n
02/10/2015 10:47:06 | INFO: File: main.py | Class: Security | Function: loadkey | Start loading security key!
02/10/2015 10:47:06 | INFO: File: main.py | Class: Security | Function: loadkey | Loaded key!
02/10/2015 10:47:06 | INFO: File: main.py | Class: Security | Function: loadthosts | Start loading trusted hosts!
02/10/2015 10:47:06 | INFO: File: main.py | Class: Security | Function: loadthosts | Successfully loaded trusted hosts from file!
